<?xml version="1.0" encoding="UTF-8"?>
<testng-results ignored="0" total="1" passed="1" failed="0" skipped="0">
  <reporter-output>
  </reporter-output>
  <suite started-at="2025-02-24T00:10:11 IST" name="Default suite" finished-at="2025-02-24T00:10:15 IST" duration-ms="4645">
    <groups>
    </groups>
    <test started-at="2025-02-24T00:10:11 IST" name="Default test" finished-at="2025-02-24T00:10:15 IST" duration-ms="4645">
      <class name="org.wipro.uo.automation.testcases.LoginTestScenario">
        <test-method is-config="true" signature="launchBrowser()[pri:0, instance:org.wipro.uo.automation.testcases.LoginTestScenario@1c7696c6]" started-at="2025-02-24T00:10:11 IST" name="launchBrowser" finished-at="2025-02-24T00:10:15 IST" duration-ms="4209" status="PASS">
          <reporter-output>
          </reporter-output>
        </test-method> <!-- launchBrowser -->
        <test-method signature="validateLoginFunc()[pri:0, instance:org.wipro.uo.automation.testcases.LoginTestScenario@1c7696c6]" started-at="2025-02-24T00:10:15 IST" name="validateLoginFunc" finished-at="2025-02-24T00:10:15 IST" duration-ms="371" status="PASS">
          <reporter-output>
          </reporter-output>
        </test-method> <!-- validateLoginFunc -->
        <test-method is-config="true" signature="closeBrowser()[pri:0, instance:org.wipro.uo.automation.testcases.LoginTestScenario@1c7696c6]" started-at="2025-02-24T00:10:15 IST" name="closeBrowser" finished-at="2025-02-24T00:10:15 IST" duration-ms="0" status="PASS">
          <reporter-output>
          </reporter-output>
        </test-method> <!-- closeBrowser -->
      </class> <!-- org.wipro.uo.automation.testcases.LoginTestScenario -->
    </test> <!-- Default test -->
  </suite> <!-- Default suite -->
</testng-results>
